[
{"keyword": "Feature", "name": "OrangeHRM Login", "tags": [], "location": "features/login.feature:1", "status": "failed", "elements": [{"type": "scenario", "keyword": "Scenario", "name": "Successful login with valid credentials", "tags": [], "location": "features/login.feature:3", "steps": [{"keyword": "Given", "step_type": "given", "name": "the user is on the OrangeHRM login page", "location": "features/login.feature:4", "match": {"location": "features/steps/login_steps.py:7", "arguments": []}, "result": {"status": "passed", "duration": 6.022522687911987}}, {"keyword": "When", "step_type": "when", "name": "the user enters the valid username and password", "location": "features/login.feature:5", "match": {"location": "features/steps/login_steps.py:12", "arguments": []}, "result": {"status": "failed", "duration": 0.02895069122314453, "error_message": ["Traceback (most recent call last):", "  File \"D:\\Automation projects\\behave-test-automation-framework\\venv\\Lib\\site-packages\\behave\\model.py\", line 1329, in run", "    match.run(runner.context)", "    ~~~~~~~~~^^^^^^^^^^^^^^^^", "  File \"D:\\Automation projects\\behave-test-automation-framework\\venv\\Lib\\site-packages\\behave\\matchers.py\", line 98, in run", "    self.func(context, *args, **kwargs)", "    ~~~~~~~~~^^^^^^^^^^^^^^^^^^^^^^^^^^", "  File \"features\\steps\\login_steps.py\", line 14, in step_enter_credentials", "    context.driver.find_element(By.NAME, \"username\").send_keys(\"Admin\")", "    ~~~~~~~~~~~~~~~~~~~~~~~~~~~^^^^^^^^^^^^^^^^^^^^^", "  File \"D:\\Automation projects\\behave-test-automation-framework\\venv\\Lib\\site-packages\\selenium\\webdriver\\remote\\webdriver.py\", line 898, in find_element", "    return self.execute(Command.FIND_ELEMENT, {\"using\": by, \"value\": value})[\"value\"]", "           ~~~~~~~~~~~~^^^^^^^^^^^^^^^^^^^^^^^^^^^^^^^^^^^^^^^^^^^^^^^^^^^^^", "  File \"D:\\Automation projects\\behave-test-automation-framework\\venv\\Lib\\site-packages\\selenium\\webdriver\\remote\\webdriver.py\", line 429, in execute", "    self.error_handler.check_response(response)", "    ~~~~~~~~~~~~~~~~~~~~~~~~~~~~~~~~~^^^^^^^^^^", "  File \"D:\\Automation projects\\behave-test-automation-framework\\venv\\Lib\\site-packages\\selenium\\webdriver\\remote\\errorhandler.py\", line 232, in check_response", "    raise exception_class(message, screen, stacktrace)", "selenium.common.exceptions.NoSuchElementException: Message: no such element: Unable to locate element: {\"method\":\"css selector\",\"selector\":\"[name=\"username\"]\"}", "  (Session info: chrome=135.0.7049.115); For documentation on this error, please visit: https://www.selenium.dev/documentation/webdriver/troubleshooting/errors#no-such-element-exception", "Stacktrace:", "\tGetHandleVerifier [0x0127D363+60275]", "\tGetHandleVerifier [0x0127D3A4+60340]", "\t(No symbol) [0x010B06F3]", "\t(No symbol) [0x010F8690]", "\t(No symbol) [0x010F8A2B]", "\t(No symbol) [0x01140EE2]", "\t(No symbol) [0x0111D0D4]", "\t(No symbol) [0x0113E6EB]", "\t(No symbol) [0x0111CE86]", "\t(No symbol) [0x010EC623]", "\t(No symbol) [0x010ED474]", "\tGetHandleVerifier [0x014C8FE3+2467827]", "\tGetHandleVerifier [0x014C45E6+2448886]", "\tGetHandleVerifier [0x014DF80C+2560028]", "\tGetHandleVerifier [0x01293DF5+153093]", "\tGetHandleVerifier [0x0129A3BD+179149]", "\tGetHandleVerifier [0x01284BB8+91080]", "\tGetHandleVerifier [0x01284D60+91504]", "\tGetHandleVerifier [0x0126FA10+4640]", "\tBaseThreadInitThunk [0x766B5D49+25]", "\tRtlInitializeExceptionChain [0x77BDB95B+107]", "\tRtlGetAppContainerNamedObjectPath [0x77BDB8E1+561]", "", "", "Captured logging:", "INFO:WDM:====== WebDriver manager ======", "INFO:WDM:Get LATEST chromedriver version for google-chrome", "INFO:WDM:Get LATEST chromedriver version for google-chrome", "INFO:WDM:Driver [C:\\Users\\Kavita\\.wdm\\drivers\\chromedriver\\win64\\135.0.7049.114\\chromedriver-win32/chromedriver.exe] found in cache"]}}, {"keyword": "And", "step_type": "when", "name": "clicks the login button", "location": "features/login.feature:6"}, {"keyword": "Then", "step_type": "then", "name": "the user should see the dashboard", "location": "features/login.feature:7"}], "status": "failed"}]}
]
